mode: atomic
github.com/gopatchy/potency/bodyintercept.go:14.60,19.2 1 6
github.com/gopatchy/potency/bodyintercept.go:21.54,26.2 3 6
github.com/gopatchy/potency/bodyintercept.go:28.40,30.2 1 0
github.com/gopatchy/potency/potency.go:62.48,69.2 1 3
github.com/gopatchy/potency/potency.go:71.69,73.15 2 14
github.com/gopatchy/potency/potency.go:73.15,76.3 2 0
github.com/gopatchy/potency/potency.go:78.2,79.16 2 14
github.com/gopatchy/potency/potency.go:79.16,81.3 1 5
github.com/gopatchy/potency/potency.go:84.55,89.2 3 1
github.com/gopatchy/potency/potency.go:91.35,96.2 3 4
github.com/gopatchy/potency/potency.go:98.87,99.82 1 14
github.com/gopatchy/potency/potency.go:99.82,101.3 1 0
github.com/gopatchy/potency/potency.go:103.2,107.18 3 14
github.com/gopatchy/potency/potency.go:107.18,108.31 1 8
github.com/gopatchy/potency/potency.go:108.31,110.4 1 1
github.com/gopatchy/potency/potency.go:112.3,112.34 1 7
github.com/gopatchy/potency/potency.go:112.34,114.4 1 1
github.com/gopatchy/potency/potency.go:116.3,116.37 1 6
github.com/gopatchy/potency/potency.go:116.37,117.53 1 11
github.com/gopatchy/potency/potency.go:117.53,119.5 1 2
github.com/gopatchy/potency/potency.go:122.3,125.17 3 4
github.com/gopatchy/potency/potency.go:125.17,127.4 1 0
github.com/gopatchy/potency/potency.go:129.3,130.41 2 4
github.com/gopatchy/potency/potency.go:130.41,132.4 1 1
github.com/gopatchy/potency/potency.go:134.3,134.47 1 3
github.com/gopatchy/potency/potency.go:134.47,136.4 1 3
github.com/gopatchy/potency/potency.go:138.3,141.13 3 3
github.com/gopatchy/potency/potency.go:145.2,146.16 2 6
github.com/gopatchy/potency/potency.go:146.16,148.3 1 0
github.com/gopatchy/potency/potency.go:150.2,153.36 3 6
github.com/gopatchy/potency/potency.go:153.36,155.3 1 12
github.com/gopatchy/potency/potency.go:157.2,180.12 8 6
github.com/gopatchy/potency/potency.go:183.45,187.23 3 6
github.com/gopatchy/potency/potency.go:187.23,189.3 1 0
github.com/gopatchy/potency/potency.go:191.2,193.12 2 6
github.com/gopatchy/potency/potency.go:196.41,201.2 3 6
github.com/gopatchy/potency/potency.go:203.49,208.2 3 14
github.com/gopatchy/potency/potency.go:210.42,218.26 5 6
github.com/gopatchy/potency/potency.go:218.26,220.3 1 3
github.com/gopatchy/potency/potency.go:222.2,224.26 2 6
github.com/gopatchy/potency/potency.go:224.26,226.3 1 3
github.com/gopatchy/potency/potency.go:228.2,228.19 1 6
github.com/gopatchy/potency/potency.go:231.35,234.89 2 6
github.com/gopatchy/potency/potency.go:234.89,237.3 2 2
github.com/gopatchy/potency/responsewriterintercept.go:14.84,20.2 1 6
github.com/gopatchy/potency/responsewriterintercept.go:22.58,24.2 1 12
github.com/gopatchy/potency/responsewriterintercept.go:26.69,29.2 2 6
github.com/gopatchy/potency/responsewriterintercept.go:31.65,34.2 2 0
